[8/28/2020 4:05:13 PM (UTC)] - [WARNING] - [Settings.cs] - [ImportSettings]:	no settings file found, creating default
[8/28/2020 4:05:13 PM (UTC)] - [DEBUG] - [Settings.cs] - [ExportSettings]:	settings exported successfully
[8/28/2020 4:33:27 PM (UTC)] - [WARNING] - [Settings.cs] - [ImportSettings]:	no settings file found, creating default
[8/28/2020 4:33:27 PM (UTC)] - [DEBUG] - [Settings.cs] - [ExportSettings]:	settings exported successfully
[8/28/2020 4:35:49 PM (UTC)] - [WARNING] - [Settings.cs] - [ImportSettings]:	no settings file found, creating default
[8/28/2020 4:35:49 PM (UTC)] - [DEBUG] - [Settings.cs] - [ExportSettings]:	settings exported successfully
[8/28/2020 4:36:49 PM (UTC)] - [WARNING] - [Settings.cs] - [ImportSettings]:	no settings file found, creating default
[8/28/2020 4:36:49 PM (UTC)] - [DEBUG] - [Settings.cs] - [ExportSettings]:	settings exported successfully
[8/28/2020 4:39:51 PM (UTC)] - [WARNING] - [Data.cs] - [ImportData]:	no data file found, creating default
[8/28/2020 4:39:51 PM (UTC)] - [DEBUG] - [Data.cs] - [ExportData]:	data exported successfully
[8/29/2020 6:47:58 AM (UTC)] - [DEBUG] - [UIManager.cs] - [OnExitBTN]:	Application quitting...
[8/29/2020 6:47:58 AM (UTC)] - [DEBUG] - [Data.cs] - [ExportData]:	data exported successfully
[8/29/2020 8:24:04 AM (UTC)] - [DEBUG] - [UIManager.cs] - [OnExitBTN]:	Application quitting...
[8/29/2020 8:24:04 AM (UTC)] - [DEBUG] - [Data.cs] - [ExportData]:	data exported successfully
[8/29/2020 8:24:28 AM (UTC)] - [WARNING] - [Data.cs] - [ImportData]:	data file empty, creating default
[8/29/2020 8:24:28 AM (UTC)] - [DEBUG] - [Data.cs] - [ExportData]:	data exported successfully
[8/29/2020 8:25:46 AM (UTC)] - [DEBUG] - [UIManager.cs] - [OnExitBTN]:	Application quitting...
[8/29/2020 8:26:17 AM (UTC)] - [DEBUG] - [Data.cs] - [ExportData]:	data exported successfully
[8/29/2020 8:26:34 AM (UTC)] - [WARNING] - [Data.cs] - [ImportData]:	data file empty, creating default
[8/29/2020 8:26:34 AM (UTC)] - [DEBUG] - [Data.cs] - [ExportData]:	data exported successfully
[8/29/2020 8:26:38 AM (UTC)] - [DEBUG] - [UIManager.cs] - [OnExitBTN]:	Application quitting...
[8/29/2020 8:26:38 AM (UTC)] - [DEBUG] - [Data.cs] - [ExportData]:	data exported successfully
[8/29/2020 8:26:57 AM (UTC)] - [WARNING] - [Data.cs] - [ImportData]:	data file empty, creating default
[8/29/2020 8:27:11 AM (UTC)] - [DEBUG] - [Data.cs] - [ExportData]:	data exported successfully
[8/29/2020 8:27:23 AM (UTC)] - [DEBUG] - [UIManager.cs] - [OnExitBTN]:	Application quitting...
[8/29/2020 8:28:55 AM (UTC)] - [DEBUG] - [Data.cs] - [ExportData]:	data exported successfully
[8/29/2020 8:31:54 AM (UTC)] - [WARNING] - [Data.cs] - [ImportData]:	data file empty, creating default
[8/29/2020 8:31:54 AM (UTC)] - [DEBUG] - [Data.cs] - [ExportData]:	data exported successfully
[8/29/2020 8:31:59 AM (UTC)] - [DEBUG] - [UIManager.cs] - [OnExitBTN]:	Application quitting...
[8/29/2020 8:31:59 AM (UTC)] - [DEBUG] - [Data.cs] - [ExportData]:	data exported successfully
[8/29/2020 8:39:39 AM (UTC)] - [DEBUG] - [UIManager.cs] - [OnExitBTN]:	Application quitting...
[8/29/2020 8:39:53 AM (UTC)] - [DEBUG] - [Data.cs] - [ExportData]:	data exported successfully
[8/29/2020 8:41:28 AM (UTC)] - [DEBUG] - [UIManager.cs] - [OnExitBTN]:	Application quitting...
[8/29/2020 8:43:02 AM (UTC)] - [DEBUG] - [Data.cs] - [ExportData]:	data exported successfully
[8/29/2020 8:43:35 AM (UTC)] - [DEBUG] - [UIManager.cs] - [OnExitBTN]:	Application quitting...
[8/29/2020 8:43:35 AM (UTC)] - [DEBUG] - [Data.cs] - [ExportData]:	data exported successfully
[8/29/2020 8:45:17 AM (UTC)] - [DEBUG] - [UIManager.cs] - [OnExitBTN]:	Application quitting...
[8/29/2020 8:45:17 AM (UTC)] - [DEBUG] - [Data.cs] - [ExportData]:	data exported successfully
[8/29/2020 8:45:27 AM (UTC)] - [DEBUG] - [UIManager.cs] - [OnExitBTN]:	Application quitting...
[8/29/2020 8:45:27 AM (UTC)] - [DEBUG] - [Data.cs] - [ExportData]:	data exported successfully
[8/29/2020 8:46:42 AM (UTC)] - [DEBUG] - [UIManager.cs] - [OnExitBTN]:	Application quitting...
[8/29/2020 8:46:42 AM (UTC)] - [DEBUG] - [Data.cs] - [ExportData]:	data exported successfully
[8/29/2020 8:55:41 AM (UTC)] - [DEBUG] - [UIManager.cs] - [OnExitBTN]:	Application quitting...
[8/29/2020 8:55:41 AM (UTC)] - [DEBUG] - [Data.cs] - [ExportData]:	data exported successfully
[8/29/2020 8:55:50 AM (UTC)] - [DEBUG] - [UIManager.cs] - [OnExitBTN]:	Application quitting...
[8/29/2020 8:55:50 AM (UTC)] - [DEBUG] - [Data.cs] - [ExportData]:	data exported successfully
[8/29/2020 8:56:09 AM (UTC)] - [DEBUG] - [UIManager.cs] - [OnExitBTN]:	Application quitting...
[8/29/2020 8:56:09 AM (UTC)] - [DEBUG] - [Data.cs] - [ExportData]:	data exported successfully
[8/29/2020 9:02:47 AM (UTC)] - [DEBUG] - [UIManager.cs] - [OnExitBTN]:	Application quitting...
[8/29/2020 9:02:47 AM (UTC)] - [DEBUG] - [Data.cs] - [ExportData]:	data exported successfully
[8/29/2020 9:03:24 AM (UTC)] - [DEBUG] - [UIManager.cs] - [OnExitBTN]:	Application quitting...
[8/29/2020 9:03:24 AM (UTC)] - [DEBUG] - [Data.cs] - [ExportData]:	data exported successfully
[9/6/2020 12:42:33 PM (UTC)] - [DEBUG] - [UIManager.cs] - [OnExitBTN]:	Application quitting...
[9/6/2020 12:42:33 PM (UTC)] - [DEBUG] - [Data.cs] - [ExportData]:	data exported successfully
[9/6/2020 12:51:22 PM (UTC)] - [DEBUG] - [Data.cs] - [ExportData]:	data exported successfully
[9/6/2020 12:51:58 PM (UTC)] - [DEBUG] - [Data.cs] - [ExportData]:	data exported successfully
[9/6/2020 1:00:48 PM (UTC)] - [DEBUG] - [Data.cs] - [ExportData]:	data exported successfully
[9/6/2020 1:01:32 PM (UTC)] - [DEBUG] - [Data.cs] - [ExportData]:	data exported successfully
[9/6/2020 1:03:02 PM (UTC)] - [DEBUG] - [Data.cs] - [ExportData]:	data exported successfully
[9/6/2020 1:04:20 PM (UTC)] - [DEBUG] - [Data.cs] - [ExportData]:	data exported successfully
[9/6/2020 1:05:59 PM (UTC)] - [DEBUG] - [Data.cs] - [ExportData]:	data exported successfully
[9/6/2020 3:38:37 PM (UTC)] - [DEBUG] - [Data.cs] - [ExportData]:	data exported successfully
[9/6/2020 3:39:39 PM (UTC)] - [DEBUG] - [Data.cs] - [ExportData]:	data exported successfully
[9/6/2020 3:47:07 PM (UTC)] - [DEBUG] - [UIManager.cs] - [OnExitBTN]:	Application quitting...
[9/6/2020 3:47:08 PM (UTC)] - [DEBUG] - [Data.cs] - [ExportData]:	data exported successfully
[9/6/2020 3:49:59 PM (UTC)] - [DEBUG] - [Data.cs] - [ExportData]:	data exported successfully
[9/6/2020 6:04:17 PM (UTC)] - [WARNING] - [Data.cs] - [ImportData]:	no data file found, creating default
[9/6/2020 6:04:17 PM (UTC)] - [DEBUG] - [Data.cs] - [ExportData]:	data exported successfully
[9/6/2020 6:05:12 PM (UTC)] - [DEBUG] - [Data.cs] - [ExportData]:	data exported successfully
[9/6/2020 6:08:25 PM (UTC)] - [DEBUG] - [Data.cs] - [ExportData]:	data exported successfully
[9/6/2020 6:09:45 PM (UTC)] - [DEBUG] - [Data.cs] - [ExportData]:	data exported successfully
[9/6/2020 6:10:01 PM (UTC)] - [DEBUG] - [Data.cs] - [ExportData]:	data exported successfully
[9/6/2020 6:10:51 PM (UTC)] - [DEBUG] - [Data.cs] - [ExportData]:	data exported successfully
[9/6/2020 6:11:09 PM (UTC)] - [DEBUG] - [Data.cs] - [ExportData]:	data exported successfully
[9/6/2020 6:12:32 PM (UTC)] - [DEBUG] - [Data.cs] - [ExportData]:	data exported successfully
